Using pre-set license
Built from '2020.3/staging' branch; Version is '2020.3.35f1 (18e4db7a9996) revision 1631451'; Using compiler version '192528614'; Build Type 'Release'
OS: 'Windows 10  (10.0.19044) 64bit Core' Language: 'ko' Physical Memory: 8006 MB
BatchMode: 1, IsHumanControllingUs: 0, StartBugReporterOnCrash: 0, Is64bit: 1, IsPro: 0

COMMAND LINE ARGUMENTS:
C:\Program Files\Unity\Hub\Editor\2020.3.35f1\Editor\Unity.exe
-adb2
-batchMode
-noUpm
-name
AssetImportWorker0
-projectPath
D:/unity/HiEarth
-logFile
Logs/AssetImportWorker0.log
-srvPort
64959
Successfully changed project path to: D:/unity/HiEarth
D:/unity/HiEarth
Using Asset Import Pipeline V2.
Refreshing native plugins compatible for Editor in 97.33 ms, found 3 plugins.
Preloading 0 native plugins for Editor in 0.00 ms.
Initialize engine version: 2020.3.35f1 (18e4db7a9996)
[Subsystems] Discovering subsystems at path C:/Program Files/Unity/Hub/Editor/2020.3.35f1/Editor/Data/Resources/UnitySubsystems
[Subsystems] Discovering subsystems at path D:/unity/HiEarth/Assets
GfxDevice: creating device client; threaded=0
Direct3D:
    Version:  Direct3D 11.0 [level 11.1]
    Renderer: Intel(R) UHD Graphics (ID=0x9bca)
    Vendor:   
    VRAM:     4003 MB
    Driver:   26.20.100.7870
Initialize mono
Mono path[0] = 'C:/Program Files/Unity/Hub/Editor/2020.3.35f1/Editor/Data/Managed'
Mono path[1] = 'C:/Program Files/Unity/Hub/Editor/2020.3.35f1/Editor/Data/MonoBleedingEdge/lib/mono/unityjit'
Mono config path = 'C:/Program Files/Unity/Hub/Editor/2020.3.35f1/Editor/Data/MonoBleedingEdge/etc'
Using monoOptions --debugger-agent=transport=dt_socket,embedding=1,server=y,suspend=n,address=127.0.0.1:56812
Begin MonoManager ReloadAssembly
Registering precompiled unity dll's ...
Register platform support module: C:/Program Files/Unity/Hub/Editor/2020.3.35f1/Editor/Data/PlaybackEngines/WindowsStandaloneSupport/UnityEditor.WindowsStandalone.Extensions.dll
Registered in 0.008172 seconds.
Native extension for WindowsStandalone target not found
Refreshing native plugins compatible for Editor in 90.93 ms, found 3 plugins.
Preloading 0 native plugins for Editor in 0.00 ms.
Mono: successfully reloaded assembly
- Completed reload, in  1.457 seconds
Domain Reload Profiling:
	ReloadAssembly (1457ms)
		BeginReloadAssembly (336ms)
			ExecutionOrderSort (0ms)
			DisableScriptedObjects (0ms)
			BackupInstance (0ms)
			ReleaseScriptingObjects (0ms)
			CreateAndSetChildDomain (1ms)
		EndReloadAssembly (1011ms)
			LoadAssemblies (334ms)
			RebuildTransferFunctionScriptingTraits (0ms)
			SetupTypeCache (232ms)
			ReleaseScriptCaches (0ms)
			RebuildScriptCaches (76ms)
			SetupLoadedEditorAssemblies (370ms)
				LogAssemblyErrors (0ms)
				InitializePlatformSupportModulesInManaged (9ms)
				SetLoadedEditorAssemblies (0ms)
				RefreshPlugins (91ms)
				BeforeProcessingInitializeOnLoad (42ms)
				ProcessInitializeOnLoadAttributes (182ms)
				ProcessInitializeOnLoadMethodAttributes (45ms)
				AfterProcessingInitializeOnLoad (0ms)
				EditorAssembliesLoaded (0ms)
			ExecutionOrderSort2 (0ms)
			AwakeInstancesAfterBackupRestoration (0ms)
Platform modules already initialized, skipping
Registering precompiled user dll's ...
Registered in 0.028702 seconds.
Begin MonoManager ReloadAssembly
Native extension for WindowsStandalone target not found
Refreshing native plugins compatible for Editor in 56.77 ms, found 3 plugins.
Preloading 0 native plugins for Editor in 0.00 ms.
Mono: successfully reloaded assembly
- Completed reload, in  2.386 seconds
Domain Reload Profiling:
	ReloadAssembly (2390ms)
		BeginReloadAssembly (468ms)
			ExecutionOrderSort (0ms)
			DisableScriptedObjects (6ms)
			BackupInstance (0ms)
			ReleaseScriptingObjects (0ms)
			CreateAndSetChildDomain (25ms)
		EndReloadAssembly (1814ms)
			LoadAssemblies (562ms)
			RebuildTransferFunctionScriptingTraits (0ms)
			SetupTypeCache (557ms)
			ReleaseScriptCaches (1ms)
			RebuildScriptCaches (69ms)
			SetupLoadedEditorAssemblies (737ms)
				LogAssemblyErrors (0ms)
				InitializePlatformSupportModulesInManaged (5ms)
				SetLoadedEditorAssemblies (0ms)
				RefreshPlugins (57ms)
				BeforeProcessingInitializeOnLoad (148ms)
				ProcessInitializeOnLoadAttributes (450ms)
				ProcessInitializeOnLoadMethodAttributes (64ms)
				AfterProcessingInitializeOnLoad (14ms)
				EditorAssembliesLoaded (0ms)
			ExecutionOrderSort2 (0ms)
			AwakeInstancesAfterBackupRestoration (2ms)
Platform modules already initialized, skipping
========================================================================
Worker process is ready to serve import requests
Launched and connected shader compiler UnityShaderCompiler.exe after 0.11 seconds
Refreshing native plugins compatible for Editor in 0.49 ms, found 3 plugins.
Preloading 0 native plugins for Editor in 0.00 ms.
Unloading 2204 Unused Serialized files (Serialized files now loaded: 0)
System memory in use before: 99.7 MB.
System memory in use after: 99.6 MB.

Unloading 31 unused Assets to reduce memory usage. Loaded Objects now: 2635.
Total: 3.815000 ms (FindLiveObjects: 0.181000 ms CreateObjectMapping: 0.091100 ms MarkObjects: 3.392900 ms  DeleteObjects: 0.149300 ms)

AssetImportParameters requested are different than current active one (requested -> active):
  custom:framework-win-MediaFoundation: 216162199b28c13a410421893ffa2e32 -> 
  custom:video-decoder-ogg-theora: a1e56fd34408186e4bbccfd4996cb3dc -> 
  custom:container-muxer-webm: aa71ff27fc2769a1b78a27578f13a17b -> 
  custom:container-demuxer-webm: 4f35f7cbe854078d1ac9338744f61a02 -> 
  custom:container-demuxer-ogg: 62fdf1f143b41e24485cea50d1cbac27 -> 
  custom:video-encoder-webm-vp8: eb34c28f22e8b96e1ab97ce403110664 -> 
  custom:video-decoder-webm-vp8: 9c59270c3fd7afecdb556c50c9e8de78 -> 
  custom:audio-decoder-ogg-vorbis: bf7c407c2cedff20999df2af8eb42d56 -> 
  custom:audio-encoder-webm-vorbis: bf7c407c2cedff20999df2af8eb42d56 -> 
========================================================================
Received Import Request.
  path: Assets/Script
  artifactKey: Guid(032ca881453feb643814177aa123652c) Importer(815301076,1909f56bfc062723c751e8b465ee728b)
Start importing Assets/Script using Guid(032ca881453feb643814177aa123652c) Importer(815301076,1909f56bfc062723c751e8b465ee728b)  -> (artifact id: 'fca98e8aee43467fd190bfe7836898f4') in 0.011433 seconds 
========================================================================
Received Import Request.
  Time since last request: 6.453173 seconds.
  path: Assets/Script/stage-00.png
  artifactKey: Guid(0d18e7531654faa4a98321984dba9143) Importer(815301076,1909f56bfc062723c751e8b465ee728b)
Start importing Assets/Script/stage-00.png using Guid(0d18e7531654faa4a98321984dba9143) Importer(815301076,1909f56bfc062723c751e8b465ee728b)  -> (artifact id: 'bde5b62cd2658f7303419d499e7d7e66') in 0.167400 seconds 
========================================================================
Received Import Request.
  Time since last request: 0.000540 seconds.
  path: Assets/Script/stage-003.png
  artifactKey: Guid(499fca1c2e5bcda4bae3b74e0e172791) Importer(815301076,1909f56bfc062723c751e8b465ee728b)
Start importing Assets/Script/stage-003.png using Guid(499fca1c2e5bcda4bae3b74e0e172791) Importer(815301076,1909f56bfc062723c751e8b465ee728b)  -> (artifact id: '9bc71b8bf4bbde72ae40a4b70a5b6ad9') in 0.031497 seconds 
========================================================================
Received Import Request.
  Time since last request: 0.001085 seconds.
  path: Assets/Script/최종3대지 19@4x.png
  artifactKey: Guid(e4f07bde52aec4e49b3df020953e02e2) Importer(815301076,1909f56bfc062723c751e8b465ee728b)
Start importing Assets/Script/최종3대지 19@4x.png using Guid(e4f07bde52aec4e49b3df020953e02e2) Importer(815301076,1909f56bfc062723c751e8b465ee728b)  -> (artifact id: 'fad61e8b34a5e1e8842a1e700fd88e87') in 0.031974 seconds 
========================================================================
Received Import Request.
  Time since last request: 0.305016 seconds.
  path: Assets/Script/최종3대지 25.png
  artifactKey: Guid(e2128e1c3b0ee9648a045229d89f8d10) Importer(815301076,1909f56bfc062723c751e8b465ee728b)
Start importing Assets/Script/최종3대지 25.png using Guid(e2128e1c3b0ee9648a045229d89f8d10) Importer(815301076,1909f56bfc062723c751e8b465ee728b)  -> (artifact id: 'f72e846308148803885b732fc004c87c') in 0.042411 seconds 
========================================================================
Received Import Request.
  Time since last request: 0.000348 seconds.
  path: Assets/Script/최종3대지 26.png
  artifactKey: Guid(8a355139662c9d542a99d58237782180) Importer(815301076,1909f56bfc062723c751e8b465ee728b)
Start importing Assets/Script/최종3대지 26.png using Guid(8a355139662c9d542a99d58237782180) Importer(815301076,1909f56bfc062723c751e8b465ee728b)  -> (artifact id: '57af5f8845180470d04dc925ebfd9dc5') in 0.026311 seconds 
========================================================================
Received Import Request.
  Time since last request: 0.000354 seconds.
  path: Assets/Script/최종3스테이지.png
  artifactKey: Guid(5d5d48c595ba99841bf3ff9da5170081) Importer(815301076,1909f56bfc062723c751e8b465ee728b)
Start importing Assets/Script/최종3스테이지.png using Guid(5d5d48c595ba99841bf3ff9da5170081) Importer(815301076,1909f56bfc062723c751e8b465ee728b)  -> (artifact id: '6e17037a0ef8b60145c8b3f84b8f038e') in 0.035003 seconds 
========================================================================
Received Import Request.
  Time since last request: 82.247886 seconds.
  path: Assets/Script/paush.png
  artifactKey: Guid(0d18e7531654faa4a98321984dba9143) Importer(815301076,1909f56bfc062723c751e8b465ee728b)
Start importing Assets/Script/paush.png using Guid(0d18e7531654faa4a98321984dba9143) Importer(815301076,1909f56bfc062723c751e8b465ee728b)  -> (artifact id: 'e3a52f609aa25e42668874e09750920b') in 0.023746 seconds 
========================================================================
Received Import Request.
  Time since last request: 19.534370 seconds.
  path: Assets/Script/darkbg.png
  artifactKey: Guid(499fca1c2e5bcda4bae3b74e0e172791) Importer(815301076,1909f56bfc062723c751e8b465ee728b)
Start importing Assets/Script/darkbg.png using Guid(499fca1c2e5bcda4bae3b74e0e172791) Importer(815301076,1909f56bfc062723c751e8b465ee728b)  -> (artifact id: '52b990b098dc4d4622fbf6a37adf0170') in 0.023419 seconds 
========================================================================
Received Import Request.
  Time since last request: 17.159637 seconds.
  path: Assets/Script/buttons.png
  artifactKey: Guid(e2128e1c3b0ee9648a045229d89f8d10) Importer(815301076,1909f56bfc062723c751e8b465ee728b)
Start importing Assets/Script/buttons.png using Guid(e2128e1c3b0ee9648a045229d89f8d10) Importer(815301076,1909f56bfc062723c751e8b465ee728b)  -> (artifact id: 'd77cb94cd40eccd3b3f7a0f0e96bdef7') in 0.043419 seconds 
========================================================================
Received Import Request.
  Time since last request: 7.495745 seconds.
  path: Assets/Script/button.png
  artifactKey: Guid(e2128e1c3b0ee9648a045229d89f8d10) Importer(815301076,1909f56bfc062723c751e8b465ee728b)
Start importing Assets/Script/button.png using Guid(e2128e1c3b0ee9648a045229d89f8d10) Importer(815301076,1909f56bfc062723c751e8b465ee728b)  -> (artifact id: '901cd0c58dd7087bcb24b9512f36c397') in 0.039069 seconds 
========================================================================
Received Import Request.
  Time since last request: 13.958366 seconds.
  path: Assets/Script/mainbg.png
  artifactKey: Guid(8a355139662c9d542a99d58237782180) Importer(815301076,1909f56bfc062723c751e8b465ee728b)
Start importing Assets/Script/mainbg.png using Guid(8a355139662c9d542a99d58237782180) Importer(815301076,1909f56bfc062723c751e8b465ee728b)  -> (artifact id: 'b2febe2ce15b48f01817760e24d97465') in 0.033224 seconds 
========================================================================
Received Import Request.
  Time since last request: 8.181682 seconds.
  path: Assets/Script/stagebg.png
  artifactKey: Guid(5d5d48c595ba99841bf3ff9da5170081) Importer(815301076,1909f56bfc062723c751e8b465ee728b)
Start importing Assets/Script/stagebg.png using Guid(5d5d48c595ba99841bf3ff9da5170081) Importer(815301076,1909f56bfc062723c751e8b465ee728b)  -> (artifact id: 'fa27a17448026bab767dcbb7a44dd411') in 0.031564 seconds 
========================================================================
Received Import Request.
  Time since last request: 171.389682 seconds.
  path: Assets/Script/button.png
  artifactKey: Guid(e2128e1c3b0ee9648a045229d89f8d10) Importer(815301076,1909f56bfc062723c751e8b465ee728b)
Start importing Assets/Script/button.png using Guid(e2128e1c3b0ee9648a045229d89f8d10) Importer(815301076,1909f56bfc062723c751e8b465ee728b)  -> (artifact id: '7f75a6495c4fa5cc2c8c5ae068677d7c') in 0.039299 seconds 
========================================================================
Received Import Request.
  Time since last request: 103.143412 seconds.
  path: Assets/Script/button.png
  artifactKey: Guid(e2128e1c3b0ee9648a045229d89f8d10) Importer(815301076,1909f56bfc062723c751e8b465ee728b)
Start importing Assets/Script/button.png using Guid(e2128e1c3b0ee9648a045229d89f8d10) Importer(815301076,1909f56bfc062723c751e8b465ee728b)  -> (artifact id: '5dae2404b86d3734d6000980a0b3bc91') in 0.108713 seconds 
========================================================================
Received Prepare
Registering precompiled user dll's ...
Registered in 0.016102 seconds.
Begin MonoManager ReloadAssembly
Native extension for WindowsStandalone target not found
Refreshing native plugins compatible for Editor in 0.71 ms, found 3 plugins.
Preloading 0 native plugins for Editor in 0.00 ms.
Mono: successfully reloaded assembly
- Completed reload, in  1.827 seconds
Domain Reload Profiling:
	ReloadAssembly (1836ms)
		BeginReloadAssembly (431ms)
			ExecutionOrderSort (0ms)
			DisableScriptedObjects (44ms)
			BackupInstance (0ms)
			ReleaseScriptingObjects (0ms)
			CreateAndSetChildDomain (97ms)
		EndReloadAssembly (1296ms)
			LoadAssemblies (374ms)
			RebuildTransferFunctionScriptingTraits (0ms)
			SetupTypeCache (405ms)
			ReleaseScriptCaches (1ms)
			RebuildScriptCaches (72ms)
			SetupLoadedEditorAssemblies (500ms)
				LogAssemblyErrors (0ms)
				InitializePlatformSupportModulesInManaged (7ms)
				SetLoadedEditorAssemblies (1ms)
				RefreshPlugins (1ms)
				BeforeProcessingInitializeOnLoad (138ms)
				ProcessInitializeOnLoadAttributes (316ms)
				ProcessInitializeOnLoadMethodAttributes (21ms)
				AfterProcessingInitializeOnLoad (16ms)
				EditorAssembliesLoaded (0ms)
			ExecutionOrderSort2 (0ms)
			AwakeInstancesAfterBackupRestoration (5ms)
Platform modules already initialized, skipping
Refreshing native plugins compatible for Editor in 0.60 ms, found 3 plugins.
Preloading 0 native plugins for Editor in 0.00 ms.
Unloading 2200 Unused Serialized files (Serialized files now loaded: 0)
System memory in use before: 102.6 MB.
System memory in use after: 102.6 MB.

Unloading 20 unused Assets to reduce memory usage. Loaded Objects now: 2661.
Total: 4.973300 ms (FindLiveObjects: 0.199900 ms CreateObjectMapping: 0.107900 ms MarkObjects: 4.339600 ms  DeleteObjects: 0.324700 ms)

AssetImportParameters requested are different than current active one (requested -> active):
  custom:framework-win-MediaFoundation: 216162199b28c13a410421893ffa2e32 -> 
  custom:video-decoder-ogg-theora: a1e56fd34408186e4bbccfd4996cb3dc -> 
  custom:container-muxer-webm: aa71ff27fc2769a1b78a27578f13a17b -> 
  custom:container-demuxer-webm: 4f35f7cbe854078d1ac9338744f61a02 -> 
  custom:container-demuxer-ogg: 62fdf1f143b41e24485cea50d1cbac27 -> 
  custom:video-encoder-webm-vp8: eb34c28f22e8b96e1ab97ce403110664 -> 
  custom:video-decoder-webm-vp8: 9c59270c3fd7afecdb556c50c9e8de78 -> 
  custom:audio-decoder-ogg-vorbis: bf7c407c2cedff20999df2af8eb42d56 -> 
  custom:audio-encoder-webm-vorbis: bf7c407c2cedff20999df2af8eb42d56 -> 
========================================================================
Received Prepare
Registering precompiled user dll's ...
Registered in 0.017552 seconds.
Begin MonoManager ReloadAssembly
Native extension for WindowsStandalone target not found
Refreshing native plugins compatible for Editor in 0.91 ms, found 3 plugins.
Preloading 0 native plugins for Editor in 0.00 ms.
Mono: successfully reloaded assembly
- Completed reload, in  1.950 seconds
Domain Reload Profiling:
	ReloadAssembly (1951ms)
		BeginReloadAssembly (365ms)
			ExecutionOrderSort (0ms)
			DisableScriptedObjects (18ms)
			BackupInstance (0ms)
			ReleaseScriptingObjects (0ms)
			CreateAndSetChildDomain (60ms)
		EndReloadAssembly (1496ms)
			LoadAssemblies (403ms)
			RebuildTransferFunctionScriptingTraits (0ms)
			SetupTypeCache (429ms)
			ReleaseScriptCaches (2ms)
			RebuildScriptCaches (88ms)
			SetupLoadedEditorAssemblies (534ms)
				LogAssemblyErrors (0ms)
				InitializePlatformSupportModulesInManaged (8ms)
				SetLoadedEditorAssemblies (1ms)
				RefreshPlugins (1ms)
				BeforeProcessingInitializeOnLoad (151ms)
				ProcessInitializeOnLoadAttributes (325ms)
				ProcessInitializeOnLoadMethodAttributes (30ms)
				AfterProcessingInitializeOnLoad (18ms)
				EditorAssembliesLoaded (0ms)
			ExecutionOrderSort2 (0ms)
			AwakeInstancesAfterBackupRestoration (6ms)
Platform modules already initialized, skipping
Refreshing native plugins compatible for Editor in 0.53 ms, found 3 plugins.
Preloading 0 native plugins for Editor in 0.00 ms.
Unloading 2200 Unused Serialized files (Serialized files now loaded: 0)
System memory in use before: 102.6 MB.
System memory in use after: 102.6 MB.

Unloading 20 unused Assets to reduce memory usage. Loaded Objects now: 2664.
Total: 5.192100 ms (FindLiveObjects: 0.257500 ms CreateObjectMapping: 0.137000 ms MarkObjects: 4.644700 ms  DeleteObjects: 0.151700 ms)

AssetImportParameters requested are different than current active one (requested -> active):
  custom:framework-win-MediaFoundation: 216162199b28c13a410421893ffa2e32 -> 
  custom:video-decoder-ogg-theora: a1e56fd34408186e4bbccfd4996cb3dc -> 
  custom:container-muxer-webm: aa71ff27fc2769a1b78a27578f13a17b -> 
  custom:container-demuxer-webm: 4f35f7cbe854078d1ac9338744f61a02 -> 
  custom:container-demuxer-ogg: 62fdf1f143b41e24485cea50d1cbac27 -> 
  custom:video-encoder-webm-vp8: eb34c28f22e8b96e1ab97ce403110664 -> 
  custom:video-decoder-webm-vp8: 9c59270c3fd7afecdb556c50c9e8de78 -> 
  custom:audio-decoder-ogg-vorbis: bf7c407c2cedff20999df2af8eb42d56 -> 
  custom:audio-encoder-webm-vorbis: bf7c407c2cedff20999df2af8eb42d56 -> 
========================================================================
Received Prepare
Registering precompiled user dll's ...
Registered in 0.025130 seconds.
Begin MonoManager ReloadAssembly
Native extension for WindowsStandalone target not found
Refreshing native plugins compatible for Editor in 0.83 ms, found 3 plugins.
Preloading 0 native plugins for Editor in 0.00 ms.
Mono: successfully reloaded assembly
- Completed reload, in  3.554 seconds
Domain Reload Profiling:
	ReloadAssembly (3555ms)
		BeginReloadAssembly (654ms)
			ExecutionOrderSort (0ms)
			DisableScriptedObjects (13ms)
			BackupInstance (0ms)
			ReleaseScriptingObjects (0ms)
			CreateAndSetChildDomain (69ms)
		EndReloadAssembly (2722ms)
			LoadAssemblies (790ms)
			RebuildTransferFunctionScriptingTraits (0ms)
			SetupTypeCache (1068ms)
			ReleaseScriptCaches (2ms)
			RebuildScriptCaches (107ms)
			SetupLoadedEditorAssemblies (924ms)
				LogAssemblyErrors (0ms)
				InitializePlatformSupportModulesInManaged (9ms)
				SetLoadedEditorAssemblies (1ms)
				RefreshPlugins (1ms)
				BeforeProcessingInitializeOnLoad (245ms)
				ProcessInitializeOnLoadAttributes (573ms)
				ProcessInitializeOnLoadMethodAttributes (67ms)
				AfterProcessingInitializeOnLoad (27ms)
				EditorAssembliesLoaded (0ms)
			ExecutionOrderSort2 (0ms)
			AwakeInstancesAfterBackupRestoration (15ms)
Platform modules already initialized, skipping
Refreshing native plugins compatible for Editor in 1.20 ms, found 3 plugins.
Preloading 0 native plugins for Editor in 0.00 ms.
Unloading 2200 Unused Serialized files (Serialized files now loaded: 0)
System memory in use before: 102.7 MB.
System memory in use after: 102.6 MB.

Unloading 20 unused Assets to reduce memory usage. Loaded Objects now: 2667.
Total: 7.270100 ms (FindLiveObjects: 0.621400 ms CreateObjectMapping: 0.257500 ms MarkObjects: 6.078200 ms  DeleteObjects: 0.310700 ms)

AssetImportParameters requested are different than current active one (requested -> active):
  custom:framework-win-MediaFoundation: 216162199b28c13a410421893ffa2e32 -> 
  custom:video-decoder-ogg-theora: a1e56fd34408186e4bbccfd4996cb3dc -> 
  custom:container-muxer-webm: aa71ff27fc2769a1b78a27578f13a17b -> 
  custom:container-demuxer-webm: 4f35f7cbe854078d1ac9338744f61a02 -> 
  custom:container-demuxer-ogg: 62fdf1f143b41e24485cea50d1cbac27 -> 
  custom:video-encoder-webm-vp8: eb34c28f22e8b96e1ab97ce403110664 -> 
  custom:video-decoder-webm-vp8: 9c59270c3fd7afecdb556c50c9e8de78 -> 
  custom:audio-decoder-ogg-vorbis: bf7c407c2cedff20999df2af8eb42d56 -> 
  custom:audio-encoder-webm-vorbis: bf7c407c2cedff20999df2af8eb42d56 -> 
========================================================================
Received Prepare
Registering precompiled user dll's ...
Registered in 0.017877 seconds.
Begin MonoManager ReloadAssembly
Native extension for WindowsStandalone target not found
Refreshing native plugins compatible for Editor in 0.89 ms, found 3 plugins.
Preloading 0 native plugins for Editor in 0.00 ms.
Mono: successfully reloaded assembly
- Completed reload, in  2.085 seconds
Domain Reload Profiling:
	ReloadAssembly (2086ms)
		BeginReloadAssembly (421ms)
			ExecutionOrderSort (0ms)
			DisableScriptedObjects (11ms)
			BackupInstance (0ms)
			ReleaseScriptingObjects (0ms)
			CreateAndSetChildDomain (69ms)
		EndReloadAssembly (1545ms)
			LoadAssemblies (494ms)
			RebuildTransferFunctionScriptingTraits (0ms)
			SetupTypeCache (512ms)
			ReleaseScriptCaches (1ms)
			RebuildScriptCaches (61ms)
			SetupLoadedEditorAssemblies (573ms)
				LogAssemblyErrors (0ms)
				InitializePlatformSupportModulesInManaged (8ms)
				SetLoadedEditorAssemblies (1ms)
				RefreshPlugins (1ms)
				BeforeProcessingInitializeOnLoad (169ms)
				ProcessInitializeOnLoadAttributes (346ms)
				ProcessInitializeOnLoadMethodAttributes (31ms)
				AfterProcessingInitializeOnLoad (18ms)
				EditorAssembliesLoaded (0ms)
			ExecutionOrderSort2 (0ms)
			AwakeInstancesAfterBackupRestoration (8ms)
Platform modules already initialized, skipping
Refreshing native plugins compatible for Editor in 0.57 ms, found 3 plugins.
Preloading 0 native plugins for Editor in 0.00 ms.
Unloading 2200 Unused Serialized files (Serialized files now loaded: 0)
System memory in use before: 102.7 MB.
System memory in use after: 102.6 MB.

Unloading 20 unused Assets to reduce memory usage. Loaded Objects now: 2670.
Total: 6.124900 ms (FindLiveObjects: 0.280400 ms CreateObjectMapping: 0.142400 ms MarkObjects: 5.498000 ms  DeleteObjects: 0.202100 ms)

AssetImportParameters requested are different than current active one (requested -> active):
  custom:framework-win-MediaFoundation: 216162199b28c13a410421893ffa2e32 -> 
  custom:video-decoder-ogg-theora: a1e56fd34408186e4bbccfd4996cb3dc -> 
  custom:container-muxer-webm: aa71ff27fc2769a1b78a27578f13a17b -> 
  custom:container-demuxer-webm: 4f35f7cbe854078d1ac9338744f61a02 -> 
  custom:container-demuxer-ogg: 62fdf1f143b41e24485cea50d1cbac27 -> 
  custom:video-encoder-webm-vp8: eb34c28f22e8b96e1ab97ce403110664 -> 
  custom:video-decoder-webm-vp8: 9c59270c3fd7afecdb556c50c9e8de78 -> 
  custom:audio-decoder-ogg-vorbis: bf7c407c2cedff20999df2af8eb42d56 -> 
  custom:audio-encoder-webm-vorbis: bf7c407c2cedff20999df2af8eb42d56 -> 
========================================================================
Received Import Request.
  Time since last request: 2715.107123 seconds.
  path: Assets/Script/MAIN.png
  artifactKey: Guid(f226a75b7e404334aa00c102e3ab804c) Importer(815301076,1909f56bfc062723c751e8b465ee728b)
Start importing Assets/Script/MAIN.png using Guid(f226a75b7e404334aa00c102e3ab804c) Importer(815301076,1909f56bfc062723c751e8b465ee728b)  -> (artifact id: '668e5eff9bd2f97835dc941490138c05') in 0.112214 seconds 
========================================================================
Received Prepare
Trying to reload asset but can't find object on disk
Trying to reload asset but can't find object on disk
Trying to reload asset but can't find object on disk
Trying to reload asset but can't find object on disk
Trying to reload asset but can't find object on disk
Trying to reload asset but can't find object on disk
Trying to reload asset but can't find object on disk
Trying to reload asset but can't find object on disk
Trying to reload asset but can't find object on disk
Trying to reload asset but can't find object on disk
Trying to reload asset but can't find object on disk
Trying to reload asset but can't find object on disk
Trying to reload asset but can't find object on disk
Trying to reload asset but can't find object on disk
Trying to reload asset but can't find object on disk
Trying to reload asset but can't find object on disk
Trying to reload asset but can't find object on disk
Trying to reload asset but can't find object on disk
Registering precompiled user dll's ...
Registered in 0.015972 seconds.
Begin MonoManager ReloadAssembly
Native extension for WindowsStandalone target not found
Refreshing native plugins compatible for Editor in 51.14 ms, found 2 plugins.
Preloading 0 native plugins for Editor in 0.00 ms.
Mono: successfully reloaded assembly
- Completed reload, in  2.285 seconds
Domain Reload Profiling:
	ReloadAssembly (2286ms)
		BeginReloadAssembly (560ms)
			ExecutionOrderSort (0ms)
			DisableScriptedObjects (14ms)
			BackupInstance (0ms)
			ReleaseScriptingObjects (0ms)
			CreateAndSetChildDomain (90ms)
		EndReloadAssembly (1571ms)
			LoadAssemblies (555ms)
			RebuildTransferFunctionScriptingTraits (0ms)
			SetupTypeCache (560ms)
			ReleaseScriptCaches (1ms)
			RebuildScriptCaches (56ms)
			SetupLoadedEditorAssemblies (521ms)
				LogAssemblyErrors (0ms)
				InitializePlatformSupportModulesInManaged (6ms)
				SetLoadedEditorAssemblies (0ms)
				RefreshPlugins (51ms)
				BeforeProcessingInitializeOnLoad (110ms)
				ProcessInitializeOnLoadAttributes (309ms)
				ProcessInitializeOnLoadMethodAttributes (25ms)
				AfterProcessingInitializeOnLoad (20ms)
				EditorAssembliesLoaded (0ms)
			ExecutionOrderSort2 (0ms)
			AwakeInstancesAfterBackupRestoration (3ms)
Platform modules already initialized, skipping
Refreshing native plugins compatible for Editor in 0.63 ms, found 2 plugins.
Preloading 0 native plugins for Editor in 0.00 ms.
Unloading 1505 Unused Serialized files (Serialized files now loaded: 0)
System memory in use before: 88.0 MB.
System memory in use after: 88.1 MB.

Unloading 156 unused Assets to reduce memory usage. Loaded Objects now: 2530.
Total: 6.371000 ms (FindLiveObjects: 0.360400 ms CreateObjectMapping: 0.199800 ms MarkObjects: 5.597700 ms  DeleteObjects: 0.211000 ms)

AssetImportParameters requested are different than current active one (requested -> active):
  custom:framework-win-MediaFoundation: 216162199b28c13a410421893ffa2e32 -> 
  custom:video-decoder-ogg-theora: a1e56fd34408186e4bbccfd4996cb3dc -> 
  custom:container-muxer-webm: aa71ff27fc2769a1b78a27578f13a17b -> 
  custom:container-demuxer-webm: 4f35f7cbe854078d1ac9338744f61a02 -> 
  custom:container-demuxer-ogg: 62fdf1f143b41e24485cea50d1cbac27 -> 
  custom:video-encoder-webm-vp8: eb34c28f22e8b96e1ab97ce403110664 -> 
  custom:video-decoder-webm-vp8: 9c59270c3fd7afecdb556c50c9e8de78 -> 
  custom:audio-decoder-ogg-vorbis: bf7c407c2cedff20999df2af8eb42d56 -> 
  custom:audio-encoder-webm-vorbis: bf7c407c2cedff20999df2af8eb42d56 -> 
========================================================================
Received Prepare
Registering precompiled user dll's ...
Registered in 0.036360 seconds.
Begin MonoManager ReloadAssembly
Native extension for WindowsStandalone target not found
Refreshing native plugins compatible for Editor in 70.22 ms, found 3 plugins.
Preloading 0 native plugins for Editor in 0.00 ms.
Mono: successfully reloaded assembly
- Completed reload, in  2.366 seconds
Domain Reload Profiling:
	ReloadAssembly (2367ms)
		BeginReloadAssembly (465ms)
			ExecutionOrderSort (0ms)
			DisableScriptedObjects (10ms)
			BackupInstance (0ms)
			ReleaseScriptingObjects (0ms)
			CreateAndSetChildDomain (53ms)
		EndReloadAssembly (1764ms)
			LoadAssemblies (556ms)
			RebuildTransferFunctionScriptingTraits (0ms)
			SetupTypeCache (566ms)
			ReleaseScriptCaches (1ms)
			RebuildScriptCaches (84ms)
			SetupLoadedEditorAssemblies (593ms)
				LogAssemblyErrors (0ms)
				InitializePlatformSupportModulesInManaged (6ms)
				SetLoadedEditorAssemblies (0ms)
				RefreshPlugins (70ms)
				BeforeProcessingInitializeOnLoad (136ms)
				ProcessInitializeOnLoadAttributes (325ms)
				ProcessInitializeOnLoadMethodAttributes (34ms)
				AfterProcessingInitializeOnLoad (20ms)
				EditorAssembliesLoaded (0ms)
			ExecutionOrderSort2 (0ms)
			AwakeInstancesAfterBackupRestoration (9ms)
Platform modules already initialized, skipping
Refreshing native plugins compatible for Editor in 0.85 ms, found 3 plugins.
Preloading 0 native plugins for Editor in 0.00 ms.
Unloading 2200 Unused Serialized files (Serialized files now loaded: 0)
System memory in use before: 102.8 MB.
System memory in use after: 102.8 MB.

Unloading 20 unused Assets to reduce memory usage. Loaded Objects now: 2677.
Total: 5.090200 ms (FindLiveObjects: 0.190500 ms CreateObjectMapping: 0.106300 ms MarkObjects: 4.616200 ms  DeleteObjects: 0.176100 ms)

AssetImportParameters requested are different than current active one (requested -> active):
  custom:framework-win-MediaFoundation: 216162199b28c13a410421893ffa2e32 -> 
  custom:video-decoder-ogg-theora: a1e56fd34408186e4bbccfd4996cb3dc -> 
  custom:container-muxer-webm: aa71ff27fc2769a1b78a27578f13a17b -> 
  custom:container-demuxer-webm: 4f35f7cbe854078d1ac9338744f61a02 -> 
  custom:container-demuxer-ogg: 62fdf1f143b41e24485cea50d1cbac27 -> 
  custom:video-encoder-webm-vp8: eb34c28f22e8b96e1ab97ce403110664 -> 
  custom:video-decoder-webm-vp8: 9c59270c3fd7afecdb556c50c9e8de78 -> 
  custom:audio-decoder-ogg-vorbis: bf7c407c2cedff20999df2af8eb42d56 -> 
  custom:audio-encoder-webm-vorbis: bf7c407c2cedff20999df2af8eb42d56 -> 
========================================================================
Received Prepare
Registering precompiled user dll's ...
Registered in 0.023194 seconds.
Begin MonoManager ReloadAssembly
Native extension for WindowsStandalone target not found
Refreshing native plugins compatible for Editor in 1.04 ms, found 3 plugins.
Preloading 0 native plugins for Editor in 0.00 ms.
Mono: successfully reloaded assembly
- Completed reload, in  3.178 seconds
Domain Reload Profiling:
	ReloadAssembly (3179ms)
		BeginReloadAssembly (596ms)
			ExecutionOrderSort (0ms)
			DisableScriptedObjects (17ms)
			BackupInstance (0ms)
			ReleaseScriptingObjects (0ms)
			CreateAndSetChildDomain (75ms)
		EndReloadAssembly (2371ms)
			LoadAssemblies (851ms)
			RebuildTransferFunctionScriptingTraits (0ms)
			SetupTypeCache (1005ms)
			ReleaseScriptCaches (2ms)
			RebuildScriptCaches (76ms)
			SetupLoadedEditorAssemblies (607ms)
				LogAssemblyErrors (0ms)
				InitializePlatformSupportModulesInManaged (9ms)
				SetLoadedEditorAssemblies (1ms)
				RefreshPlugins (1ms)
				BeforeProcessingInitializeOnLoad (155ms)
				ProcessInitializeOnLoadAttributes (383ms)
				ProcessInitializeOnLoadMethodAttributes (37ms)
				AfterProcessingInitializeOnLoad (22ms)
				EditorAssembliesLoaded (0ms)
			ExecutionOrderSort2 (0ms)
			AwakeInstancesAfterBackupRestoration (8ms)
Platform modules already initialized, skipping
Refreshing native plugins compatible for Editor in 1.06 ms, found 3 plugins.
Preloading 0 native plugins for Editor in 0.00 ms.
Unloading 2200 Unused Serialized files (Serialized files now loaded: 0)
System memory in use before: 102.9 MB.
System memory in use after: 102.8 MB.

Unloading 20 unused Assets to reduce memory usage. Loaded Objects now: 2680.
Total: 6.249900 ms (FindLiveObjects: 0.276900 ms CreateObjectMapping: 0.226000 ms MarkObjects: 5.564300 ms  DeleteObjects: 0.180900 ms)

AssetImportParameters requested are different than current active one (requested -> active):
  custom:framework-win-MediaFoundation: 216162199b28c13a410421893ffa2e32 -> 
  custom:video-decoder-ogg-theora: a1e56fd34408186e4bbccfd4996cb3dc -> 
  custom:container-muxer-webm: aa71ff27fc2769a1b78a27578f13a17b -> 
  custom:container-demuxer-webm: 4f35f7cbe854078d1ac9338744f61a02 -> 
  custom:container-demuxer-ogg: 62fdf1f143b41e24485cea50d1cbac27 -> 
  custom:video-encoder-webm-vp8: eb34c28f22e8b96e1ab97ce403110664 -> 
  custom:video-decoder-webm-vp8: 9c59270c3fd7afecdb556c50c9e8de78 -> 
  custom:audio-decoder-ogg-vorbis: bf7c407c2cedff20999df2af8eb42d56 -> 
  custom:audio-encoder-webm-vorbis: bf7c407c2cedff20999df2af8eb42d56 -> 
========================================================================
Received Import Request.
  Time since last request: 1227.881081 seconds.
  path: Assets/Script/최종3대지 28@4x.png
  artifactKey: Guid(3401b5798f08ed44ba8371a8bd99cb4e) Importer(815301076,1909f56bfc062723c751e8b465ee728b)
Start importing Assets/Script/최종3대지 28@4x.png using Guid(3401b5798f08ed44ba8371a8bd99cb4e) Importer(815301076,1909f56bfc062723c751e8b465ee728b)  -> (artifact id: '1b3d60d236d5c294c47cb954d9e9d357') in 0.165577 seconds 
========================================================================
Received Import Request.
  Time since last request: 38.537605 seconds.
  path: Assets/Script/paush.png
  artifactKey: Guid(3401b5798f08ed44ba8371a8bd99cb4e) Importer(815301076,1909f56bfc062723c751e8b465ee728b)
Start importing Assets/Script/paush.png using Guid(3401b5798f08ed44ba8371a8bd99cb4e) Importer(815301076,1909f56bfc062723c751e8b465ee728b)  -> (artifact id: '8c26e9a0f3e1f82fd810e489afa894de') in 0.044007 seconds 
========================================================================
Received Import Request.
  Time since last request: 54.819154 seconds.
  path: Assets/Script/최종3대지 25@4x.png
  artifactKey: Guid(9afc8460522976447b70678182f35844) Importer(815301076,1909f56bfc062723c751e8b465ee728b)
Start importing Assets/Script/최종3대지 25@4x.png using Guid(9afc8460522976447b70678182f35844) Importer(815301076,1909f56bfc062723c751e8b465ee728b)  -> (artifact id: '777f5b0388ee93c81993004d42af8b56') in 0.054411 seconds 
========================================================================
Received Import Request.
  Time since last request: 11.008649 seconds.
  path: Assets/Script/mainbutton.png
  artifactKey: Guid(9afc8460522976447b70678182f35844) Importer(815301076,1909f56bfc062723c751e8b465ee728b)
Start importing Assets/Script/mainbutton.png using Guid(9afc8460522976447b70678182f35844) Importer(815301076,1909f56bfc062723c751e8b465ee728b)  -> (artifact id: 'f4cb2f81268470eae2af0f5637ff3d2e') in 0.034527 seconds 
========================================================================
Received Import Request.
  Time since last request: 31.780473 seconds.
  path: Assets/Script/mainbutton.png
  artifactKey: Guid(9afc8460522976447b70678182f35844) Importer(815301076,1909f56bfc062723c751e8b465ee728b)
Start importing Assets/Script/mainbutton.png using Guid(9afc8460522976447b70678182f35844) Importer(815301076,1909f56bfc062723c751e8b465ee728b)  -> (artifact id: 'afa91514f9411c1377876bc81c0b3e3d') in 0.035017 seconds 
========================================================================
Received Import Request.
  Time since last request: 199.853918 seconds.
  path: Assets/Script/mainbutton.png
  artifactKey: Guid(9afc8460522976447b70678182f35844) Importer(815301076,1909f56bfc062723c751e8b465ee728b)
Start importing Assets/Script/mainbutton.png using Guid(9afc8460522976447b70678182f35844) Importer(815301076,1909f56bfc062723c751e8b465ee728b)  -> (artifact id: 'ca606697782d3ba953c65e267628f24d') in 0.151295 seconds 
AssetImportWorkerClient::OnTransportError - code=2 error=End of file
